{"D:\\testing-js\\clone.js": {"path":"D:\\testing-js\\clone.js","statementMap":{"0":{"start":{"line":2,"column":2},"end":{"line":2,"column":19}},"1":{"start":{"line":4,"column":0},"end":{"line":4,"column":22}}},"fnMap":{"0":{"name":"clone","decl":{"start":{"line":1,"column":9},"end":{"line":1,"column":14}},"loc":{"start":{"line":1,"column":21},"end":{"line":3,"column":1}},"line":1}},"branchMap":{},"s":{"0":2,"1":1},"f":{"0":2},"b":{},"_coverageSchema":"1a1c01bbd47fc00a2c39e90264f33305004495a9","hash":"813bd61792535d277597f0520e2b8f684f7dc43b"}
,"D:\\testing-js\\subtract.js": {"path":"D:\\testing-js\\subtract.js","statementMap":{"0":{"start":{"line":2,"column":2},"end":{"line":2,"column":18}},"1":{"start":{"line":4,"column":0},"end":{"line":4,"column":25}}},"fnMap":{"0":{"name":"subtract","decl":{"start":{"line":1,"column":9},"end":{"line":1,"column":17}},"loc":{"start":{"line":1,"column":28},"end":{"line":3,"column":1}},"line":1}},"branchMap":{},"s":{"0":3,"1":1},"f":{"0":3},"b":{},"_coverageSchema":"1a1c01bbd47fc00a2c39e90264f33305004495a9","hash":"0fd32194e967ef271fc17e59689411ff9888ddb8"}
,"D:\\testing-js\\sum.js": {"path":"D:\\testing-js\\sum.js","statementMap":{"0":{"start":{"line":2,"column":2},"end":{"line":2,"column":18}},"1":{"start":{"line":4,"column":0},"end":{"line":4,"column":20}}},"fnMap":{"0":{"name":"sum","decl":{"start":{"line":1,"column":9},"end":{"line":1,"column":12}},"loc":{"start":{"line":1,"column":23},"end":{"line":3,"column":1}},"line":1}},"branchMap":{},"s":{"0":3,"1":1},"f":{"0":3},"b":{},"_coverageSchema":"1a1c01bbd47fc00a2c39e90264f33305004495a9","hash":"3c60e4a58a1f60cc8d1774aa8f6fb3e962d767da"}
}
